This is pdfTeX, Version 3.14159265-2.6-1.40.19 (MiKTeX 2.9.6670 64-bit) (preloaded format=pdflatex 2018.5.9)  6 JUN 2019 11:51
entering extended mode
**./Presentation.tex
(Presentation.tex
LaTeX2e <2018-04-01> patch level 4
Babel <3.20> and hyphenation patterns for 75 language(s) loaded.
("C:\Users\Oli\AppData\Local\Programs\MiKTeX 2.9\tex\latex\beamer\beamer.cls"
Document Class: beamer 2018/12/02 v3.55 A class for typesetting presentations

("C:\Users\Oli\AppData\Local\Programs\MiKTeX 2.9\tex\latex\beamer\beamerbasemod
es.sty"
("C:\Users\Oli\AppData\Local\Programs\MiKTeX 2.9\tex\latex\etoolbox\etoolbox.st
y"
Package: etoolbox 2018/02/11 v2.5e e-TeX tools for LaTeX (JAW)
\etb@tempcnta=\count80
)
\beamer@tempbox=\box26
\beamer@tempcount=\count81
\c@beamerpauses=\count82

("C:\Users\Oli\AppData\Local\Programs\MiKTeX 2.9\tex\latex\beamer\beamerbasedec
ode.sty"
\beamer@slideinframe=\count83
\beamer@minimum=\count84
)
\beamer@commentbox=\box27
\beamer@modecount=\count85
) ("C:\Users\Oli\AppData\Local\Programs\MiKTeX 2.9\tex\generic\oberdiek\ifpdf.s
ty"
Package: ifpdf 2017/03/15 v3.2 Provides the ifpdf switch
)
\headdp=\dimen102
\footheight=\dimen103
\sidebarheight=\dimen104
\beamer@tempdim=\dimen105
\beamer@finalheight=\dimen106
\beamer@animht=\dimen107
\beamer@animdp=\dimen108
\beamer@animwd=\dimen109
\beamer@leftmargin=\dimen110
\beamer@rightmargin=\dimen111
\beamer@leftsidebar=\dimen112
\beamer@rightsidebar=\dimen113
\beamer@boxsize=\dimen114
\beamer@vboxoffset=\dimen115
\beamer@descdefault=\dimen116
\beamer@descriptionwidth=\dimen117
\beamer@lastskip=\skip41
\beamer@areabox=\box28
\beamer@animcurrent=\box29
\beamer@animshowbox=\box30
\beamer@sectionbox=\box31
\beamer@logobox=\box32
\beamer@linebox=\box33
\beamer@sectioncount=\count86
\beamer@subsubsectionmax=\count87
\beamer@subsectionmax=\count88
\beamer@sectionmax=\count89
\beamer@totalheads=\count90
\beamer@headcounter=\count91
\beamer@partstartpage=\count92
\beamer@sectionstartpage=\count93
\beamer@subsectionstartpage=\count94
\beamer@animationtempa=\count95
\beamer@animationtempb=\count96
\beamer@xpos=\count97
\beamer@ypos=\count98
\beamer@ypos@offset=\count99
\beamer@showpartnumber=\count100
\beamer@currentsubsection=\count101
\beamer@coveringdepth=\count102
\beamer@sectionadjust=\count103
\beamer@tocsectionnumber=\count104

("C:\Users\Oli\AppData\Local\Programs\MiKTeX 2.9\tex\latex\beamer\beamerbaseopt
ions.sty" ("C:\Users\Oli\AppData\Local\Programs\MiKTeX 2.9\tex\latex\graphics\k
eyval.sty"
Package: keyval 2014/10/28 v1.15 key=value parser (DPC)
\KV@toks@=\toks14
))
\beamer@paperwidth=\skip42
\beamer@paperheight=\skip43

("C:\Users\Oli\AppData\Local\Programs\MiKTeX 2.9\tex\latex\geometry\geometry.st
y"
Package: geometry 2018/03/24 v5.7 Page Geometry

("C:\Users\Oli\AppData\Local\Programs\MiKTeX 2.9\tex\generic\oberdiek\ifvtex.st
y"
Package: ifvtex 2016/05/16 v1.6 Detect VTeX and its facilities (HO)
Package ifvtex Info: VTeX not detected.
)
("C:\Users\Oli\AppData\Local\Programs\MiKTeX 2.9\tex\generic\ifxetex\ifxetex.st
y"
Package: ifxetex 2010/09/12 v0.6 Provides ifxetex conditional
)
\Gm@cnth=\count105
\Gm@cntv=\count106
\c@Gm@tempcnt=\count107
\Gm@bindingoffset=\dimen118
\Gm@wd@mp=\dimen119
\Gm@odd@mp=\dimen120
\Gm@even@mp=\dimen121
\Gm@layoutwidth=\dimen122
\Gm@layoutheight=\dimen123
\Gm@layouthoffset=\dimen124
\Gm@layoutvoffset=\dimen125
\Gm@dimlist=\toks15

("C:\Users\Oli\AppData\Local\Programs\MiKTeX 2.9\tex\latex\geometry\geometry.cf
g")) ("C:\Users\Oli\AppData\Local\Programs\MiKTeX 2.9\tex\latex\base\size11.clo
"
File: size11.clo 2014/09/29 v1.4h Standard LaTeX file (size option)
)
("C:\Users\Oli\AppData\Local\Programs\MiKTeX 2.9\tex\latex\pgf\basiclayer\pgfco
re.sty"
("C:\Users\Oli\AppData\Local\Programs\MiKTeX 2.9\tex\latex\graphics\graphicx.st
y"
Package: graphicx 2017/06/01 v1.1a Enhanced LaTeX Graphics (DPC,SPQR)

("C:\Users\Oli\AppData\Local\Programs\MiKTeX 2.9\tex\latex\graphics\graphics.st
y"
Package: graphics 2017/06/25 v1.2c Standard LaTeX Graphics (DPC,SPQR)
("C:\Users\Oli\AppData\Local\Programs\MiKTeX 2.9\tex\latex\graphics\trig.sty"
Package: trig 2016/01/03 v1.10 sin cos tan (DPC)
)
("C:\Users\Oli\AppData\Local\Programs\MiKTeX 2.9\tex\latex\graphics-cfg\graphic
s.cfg"
File: graphics.cfg 2016/06/04 v1.11 sample graphics configuration
)
Package graphics Info: Driver file: pdftex.def on input line 99.

("C:\Users\Oli\AppData\Local\Programs\MiKTeX 2.9\tex\latex\graphics-def\pdftex.
def"
File: pdftex.def 2018/01/08 v1.0l Graphics/color driver for pdftex
))
\Gin@req@height=\dimen126
\Gin@req@width=\dimen127
)
("C:\Users\Oli\AppData\Local\Programs\MiKTeX 2.9\tex\latex\pgf\systemlayer\pgfs
ys.sty"
("C:\Users\Oli\AppData\Local\Programs\MiKTeX 2.9\tex\latex\pgf\utilities\pgfrcs
.sty"
("C:\Users\Oli\AppData\Local\Programs\MiKTeX 2.9\tex\generic\pgf\utilities\pgfu
til-common.tex"
\pgfutil@everybye=\toks16
\pgfutil@tempdima=\dimen128
\pgfutil@tempdimb=\dimen129

("C:\Users\Oli\AppData\Local\Programs\MiKTeX 2.9\tex\generic\pgf\utilities\pgfu
til-common-lists.tex"))
("C:\Users\Oli\AppData\Local\Programs\MiKTeX 2.9\tex\generic\pgf\utilities\pgfu
til-latex.def"
\pgfutil@abb=\box34
("C:\Users\Oli\AppData\Local\Programs\MiKTeX 2.9\tex\latex\ms\everyshi.sty"
Package: everyshi 2001/05/15 v3.00 EveryShipout Package (MS)
))
("C:\Users\Oli\AppData\Local\Programs\MiKTeX 2.9\tex\generic\pgf\utilities\pgfr
cs.code.tex"
("C:\Users\Oli\AppData\Local\Programs\MiKTeX 2.9\tex\generic\pgf\pgf.revision.t
ex")
Package: pgfrcs 2019/05/09 v3.1.3 (3.1.3)
))
("C:\Users\Oli\AppData\Local\Programs\MiKTeX 2.9\tex\generic\pgf\systemlayer\pg
fsys.code.tex"
Package: pgfsys 2019/05/09 v3.1.3 (3.1.3)

("C:\Users\Oli\AppData\Local\Programs\MiKTeX 2.9\tex\generic\pgf\utilities\pgfk
eys.code.tex"
\pgfkeys@pathtoks=\toks17
\pgfkeys@temptoks=\toks18

("C:\Users\Oli\AppData\Local\Programs\MiKTeX 2.9\tex\generic\pgf\utilities\pgfk
eysfiltered.code.tex"
\pgfkeys@tmptoks=\toks19
))
\pgf@x=\dimen130
\pgf@y=\dimen131
\pgf@xa=\dimen132
\pgf@ya=\dimen133
\pgf@xb=\dimen134
\pgf@yb=\dimen135
\pgf@xc=\dimen136
\pgf@yc=\dimen137
\pgf@xd=\dimen138
\pgf@yd=\dimen139
\w@pgf@writea=\write3
\r@pgf@reada=\read1
\c@pgf@counta=\count108
\c@pgf@countb=\count109
\c@pgf@countc=\count110
\c@pgf@countd=\count111
\t@pgf@toka=\toks20
\t@pgf@tokb=\toks21
\t@pgf@tokc=\toks22
\pgf@sys@id@count=\count112

("C:\Users\Oli\AppData\Local\Programs\MiKTeX 2.9\tex\generic\pgf\systemlayer\pg
f.cfg"
File: pgf.cfg 2019/05/09 v3.1.3 (3.1.3)
)
Driver file for pgf: pgfsys-pdftex.def

("C:\Users\Oli\AppData\Local\Programs\MiKTeX 2.9\tex\generic\pgf\systemlayer\pg
fsys-pdftex.def"
File: pgfsys-pdftex.def 2019/05/09 v3.1.3 (3.1.3)

("C:\Users\Oli\AppData\Local\Programs\MiKTeX 2.9\tex\generic\pgf\systemlayer\pg
fsys-common-pdf.def"
File: pgfsys-common-pdf.def 2019/05/09 v3.1.3 (3.1.3)
)))
("C:\Users\Oli\AppData\Local\Programs\MiKTeX 2.9\tex\generic\pgf\systemlayer\pg
fsyssoftpath.code.tex"
File: pgfsyssoftpath.code.tex 2019/05/09 v3.1.3 (3.1.3)
\pgfsyssoftpath@smallbuffer@items=\count113
\pgfsyssoftpath@bigbuffer@items=\count114
)
("C:\Users\Oli\AppData\Local\Programs\MiKTeX 2.9\tex\generic\pgf\systemlayer\pg
fsysprotocol.code.tex"
File: pgfsysprotocol.code.tex 2019/05/09 v3.1.3 (3.1.3)
)) ("C:\Users\Oli\AppData\Local\Programs\MiKTeX 2.9\tex\latex\xcolor\xcolor.sty
"
Package: xcolor 2016/05/11 v2.12 LaTeX color extensions (UK)

("C:\Users\Oli\AppData\Local\Programs\MiKTeX 2.9\tex\latex\graphics-cfg\color.c
fg"
File: color.cfg 2016/01/02 v1.6 sample color configuration
)
Package xcolor Info: Driver file: pdftex.def on input line 225.
Package xcolor Info: Model `cmy' substituted by `cmy0' on input line 1348.
Package xcolor Info: Model `hsb' substituted by `rgb' on input line 1352.
Package xcolor Info: Model `RGB' extended on input line 1364.
Package xcolor Info: Model `HTML' substituted by `rgb' on input line 1366.
Package xcolor Info: Model `Hsb' substituted by `hsb' on input line 1367.
Package xcolor Info: Model `tHsb' substituted by `hsb' on input line 1368.
Package xcolor Info: Model `HSB' substituted by `hsb' on input line 1369.
Package xcolor Info: Model `Gray' substituted by `gray' on input line 1370.
Package xcolor Info: Model `wave' substituted by `hsb' on input line 1371.
)
("C:\Users\Oli\AppData\Local\Programs\MiKTeX 2.9\tex\generic\pgf\basiclayer\pgf
core.code.tex"
Package: pgfcore 2019/05/09 v3.1.3 (3.1.3)

("C:\Users\Oli\AppData\Local\Programs\MiKTeX 2.9\tex\generic\pgf\math\pgfmath.c
ode.tex"
("C:\Users\Oli\AppData\Local\Programs\MiKTeX 2.9\tex\generic\pgf\math\pgfmathca
lc.code.tex"
("C:\Users\Oli\AppData\Local\Programs\MiKTeX 2.9\tex\generic\pgf\math\pgfmathut
il.code.tex")
("C:\Users\Oli\AppData\Local\Programs\MiKTeX 2.9\tex\generic\pgf\math\pgfmathpa
rser.code.tex"
\pgfmath@dimen=\dimen140
\pgfmath@count=\count115
\pgfmath@box=\box35
\pgfmath@toks=\toks23
\pgfmath@stack@operand=\toks24
\pgfmath@stack@operation=\toks25
)
("C:\Users\Oli\AppData\Local\Programs\MiKTeX 2.9\tex\generic\pgf\math\pgfmathfu
nctions.code.tex"
("C:\Users\Oli\AppData\Local\Programs\MiKTeX 2.9\tex\generic\pgf\math\pgfmathfu
nctions.basic.code.tex")
("C:\Users\Oli\AppData\Local\Programs\MiKTeX 2.9\tex\generic\pgf\math\pgfmathfu
nctions.trigonometric.code.tex")
("C:\Users\Oli\AppData\Local\Programs\MiKTeX 2.9\tex\generic\pgf\math\pgfmathfu
nctions.random.code.tex")
("C:\Users\Oli\AppData\Local\Programs\MiKTeX 2.9\tex\generic\pgf\math\pgfmathfu
nctions.comparison.code.tex")
("C:\Users\Oli\AppData\Local\Programs\MiKTeX 2.9\tex\generic\pgf\math\pgfmathfu
nctions.base.code.tex")
("C:\Users\Oli\AppData\Local\Programs\MiKTeX 2.9\tex\generic\pgf\math\pgfmathfu
nctions.round.code.tex")
("C:\Users\Oli\AppData\Local\Programs\MiKTeX 2.9\tex\generic\pgf\math\pgfmathfu
nctions.misc.code.tex")
("C:\Users\Oli\AppData\Local\Programs\MiKTeX 2.9\tex\generic\pgf\math\pgfmathfu
nctions.integerarithmetics.code.tex")))
("C:\Users\Oli\AppData\Local\Programs\MiKTeX 2.9\tex\generic\pgf\math\pgfmathfl
oat.code.tex"
\c@pgfmathroundto@lastzeros=\count116
))
("C:\Users\Oli\AppData\Local\Programs\MiKTeX 2.9\tex\generic\pgf\math\pgfint.co
de.tex")
("C:\Users\Oli\AppData\Local\Programs\MiKTeX 2.9\tex\generic\pgf\basiclayer\pgf
corepoints.code.tex"
File: pgfcorepoints.code.tex 2019/05/09 v3.1.3 (3.1.3)
\pgf@picminx=\dimen141
\pgf@picmaxx=\dimen142
\pgf@picminy=\dimen143
\pgf@picmaxy=\dimen144
\pgf@pathminx=\dimen145
\pgf@pathmaxx=\dimen146
\pgf@pathminy=\dimen147
\pgf@pathmaxy=\dimen148
\pgf@xx=\dimen149
\pgf@xy=\dimen150
\pgf@yx=\dimen151
\pgf@yy=\dimen152
\pgf@zx=\dimen153
\pgf@zy=\dimen154
)
("C:\Users\Oli\AppData\Local\Programs\MiKTeX 2.9\tex\generic\pgf\basiclayer\pgf
corepathconstruct.code.tex"
File: pgfcorepathconstruct.code.tex 2019/05/09 v3.1.3 (3.1.3)
\pgf@path@lastx=\dimen155
\pgf@path@lasty=\dimen156
)
("C:\Users\Oli\AppData\Local\Programs\MiKTeX 2.9\tex\generic\pgf\basiclayer\pgf
corepathusage.code.tex"
File: pgfcorepathusage.code.tex 2019/05/09 v3.1.3 (3.1.3)
\pgf@shorten@end@additional=\dimen157
\pgf@shorten@start@additional=\dimen158
)
("C:\Users\Oli\AppData\Local\Programs\MiKTeX 2.9\tex\generic\pgf\basiclayer\pgf
corescopes.code.tex"
File: pgfcorescopes.code.tex 2019/05/09 v3.1.3 (3.1.3)
\pgfpic=\box36
\pgf@hbox=\box37
\pgf@layerbox@main=\box38
\pgf@picture@serial@count=\count117
)
("C:\Users\Oli\AppData\Local\Programs\MiKTeX 2.9\tex\generic\pgf\basiclayer\pgf
coregraphicstate.code.tex"
File: pgfcoregraphicstate.code.tex 2019/05/09 v3.1.3 (3.1.3)
\pgflinewidth=\dimen159
)
("C:\Users\Oli\AppData\Local\Programs\MiKTeX 2.9\tex\generic\pgf\basiclayer\pgf
coretransformations.code.tex"
File: pgfcoretransformations.code.tex 2019/05/09 v3.1.3 (3.1.3)
\pgf@pt@x=\dimen160
\pgf@pt@y=\dimen161
\pgf@pt@temp=\dimen162
)
("C:\Users\Oli\AppData\Local\Programs\MiKTeX 2.9\tex\generic\pgf\basiclayer\pgf
corequick.code.tex"
File: pgfcorequick.code.tex 2019/05/09 v3.1.3 (3.1.3)
)
("C:\Users\Oli\AppData\Local\Programs\MiKTeX 2.9\tex\generic\pgf\basiclayer\pgf
coreobjects.code.tex"
File: pgfcoreobjects.code.tex 2019/05/09 v3.1.3 (3.1.3)
)
("C:\Users\Oli\AppData\Local\Programs\MiKTeX 2.9\tex\generic\pgf\basiclayer\pgf
corepathprocessing.code.tex"
File: pgfcorepathprocessing.code.tex 2019/05/09 v3.1.3 (3.1.3)
)
("C:\Users\Oli\AppData\Local\Programs\MiKTeX 2.9\tex\generic\pgf\basiclayer\pgf
corearrows.code.tex"
File: pgfcorearrows.code.tex 2019/05/09 v3.1.3 (3.1.3)
\pgfarrowsep=\dimen163
)
("C:\Users\Oli\AppData\Local\Programs\MiKTeX 2.9\tex\generic\pgf\basiclayer\pgf
coreshade.code.tex"
File: pgfcoreshade.code.tex 2019/05/09 v3.1.3 (3.1.3)
\pgf@max=\dimen164
\pgf@sys@shading@range@num=\count118
\pgf@shadingcount=\count119
)
("C:\Users\Oli\AppData\Local\Programs\MiKTeX 2.9\tex\generic\pgf\basiclayer\pgf
coreimage.code.tex"
File: pgfcoreimage.code.tex 2019/05/09 v3.1.3 (3.1.3)

("C:\Users\Oli\AppData\Local\Programs\MiKTeX 2.9\tex\generic\pgf\basiclayer\pgf
coreexternal.code.tex"
File: pgfcoreexternal.code.tex 2019/05/09 v3.1.3 (3.1.3)
\pgfexternal@startupbox=\box39
))
("C:\Users\Oli\AppData\Local\Programs\MiKTeX 2.9\tex\generic\pgf\basiclayer\pgf
corelayers.code.tex"
File: pgfcorelayers.code.tex 2019/05/09 v3.1.3 (3.1.3)
)
("C:\Users\Oli\AppData\Local\Programs\MiKTeX 2.9\tex\generic\pgf\basiclayer\pgf
coretransparency.code.tex"
File: pgfcoretransparency.code.tex 2019/05/09 v3.1.3 (3.1.3)
)
("C:\Users\Oli\AppData\Local\Programs\MiKTeX 2.9\tex\generic\pgf\basiclayer\pgf
corepatterns.code.tex"
File: pgfcorepatterns.code.tex 2019/05/09 v3.1.3 (3.1.3)
)
("C:\Users\Oli\AppData\Local\Programs\MiKTeX 2.9\tex\generic\pgf\basiclayer\pgf
corerdf.code.tex"
File: pgfcorerdf.code.tex 2019/05/09 v3.1.3 (3.1.3)
)))
("C:\Users\Oli\AppData\Local\Programs\MiKTeX 2.9\tex\latex\pgf\utilities\xxcolo
r.sty"
Package: xxcolor 2003/10/24 ver 0.1
\XC@nummixins=\count120
\XC@countmixins=\count121
)
("C:\Users\Oli\AppData\Local\Programs\MiKTeX 2.9\tex\generic\oberdiek\atbegshi.
sty"
Package: atbegshi 2016/06/09 v1.18 At begin shipout hook (HO)

("C:\Users\Oli\AppData\Local\Programs\MiKTeX 2.9\tex\generic\oberdiek\infwarerr
.sty"
Package: infwarerr 2016/05/16 v1.4 Providing info/warning/error messages (HO)
)
("C:\Users\Oli\AppData\Local\Programs\MiKTeX 2.9\tex\generic\oberdiek\ltxcmds.s
ty"
Package: ltxcmds 2016/05/16 v1.23 LaTeX kernel commands for general use (HO)
))
("C:\Users\Oli\AppData\Local\Programs\MiKTeX 2.9\tex\latex\hyperref\hyperref.st
y"
Package: hyperref 2018/02/06 v6.86b Hypertext links for LaTeX

("C:\Users\Oli\AppData\Local\Programs\MiKTeX 2.9\tex\generic\oberdiek\hobsub-hy
perref.sty"
Package: hobsub-hyperref 2016/05/16 v1.14 Bundle oberdiek, subset hyperref (HO)


("C:\Users\Oli\AppData\Local\Programs\MiKTeX 2.9\tex\generic\oberdiek\hobsub-ge
neric.sty"
Package: hobsub-generic 2016/05/16 v1.14 Bundle oberdiek, subset generic (HO)
Package: hobsub 2016/05/16 v1.14 Construct package bundles (HO)
Package hobsub Info: Skipping package `infwarerr' (already loaded).
Package hobsub Info: Skipping package `ltxcmds' (already loaded).
Package: ifluatex 2016/05/16 v1.4 Provides the ifluatex switch (HO)
Package ifluatex Info: LuaTeX not detected.
Package hobsub Info: Skipping package `ifvtex' (already loaded).
Package: intcalc 2016/05/16 v1.2 Expandable calculations with integers (HO)
Package hobsub Info: Skipping package `ifpdf' (already loaded).
Package: etexcmds 2016/05/16 v1.6 Avoid name clashes with e-TeX commands (HO)
Package etexcmds Info: Could not find \expanded.
(etexcmds)             That can mean that you are not using pdfTeX 1.50 or
(etexcmds)             that some package has redefined \expanded.
(etexcmds)             In the latter case, load this package earlier.
Package: kvsetkeys 2016/05/16 v1.17 Key value parser (HO)
Package: kvdefinekeys 2016/05/16 v1.4 Define keys (HO)
Package: pdftexcmds 2018/01/30 v0.27 Utility functions of pdfTeX for LuaTeX (HO
)
Package pdftexcmds Info: LuaTeX not detected.
Package pdftexcmds Info: \pdf@primitive is available.
Package pdftexcmds Info: \pdf@ifprimitive is available.
Package pdftexcmds Info: \pdfdraftmode found.
Package: pdfescape 2016/05/16 v1.14 Implements pdfTeX's escape features (HO)
Package: bigintcalc 2016/05/16 v1.4 Expandable calculations on big integers (HO
)
Package: bitset 2016/05/16 v1.2 Handle bit-vector datatype (HO)
Package: uniquecounter 2016/05/16 v1.3 Provide unlimited unique counter (HO)
)
Package hobsub Info: Skipping package `hobsub' (already loaded).
Package: letltxmacro 2016/05/16 v1.5 Let assignment for LaTeX macros (HO)
Package: hopatch 2016/05/16 v1.3 Wrapper for package hooks (HO)
Package: xcolor-patch 2016/05/16 xcolor patch
Package: atveryend 2016/05/16 v1.9 Hooks at the very end of document (HO)
Package hobsub Info: Skipping package `atbegshi' (already loaded).
Package: refcount 2016/05/16 v3.5 Data extraction from label references (HO)
Package: hycolor 2016/05/16 v1.8 Color options for hyperref/bookmark (HO)
) ("C:\Users\Oli\AppData\Local\Programs\MiKTeX 2.9\tex\latex\oberdiek\auxhook.s
ty"
Package: auxhook 2016/05/16 v1.4 Hooks for auxiliary files (HO)
)
("C:\Users\Oli\AppData\Local\Programs\MiKTeX 2.9\tex\latex\oberdiek\kvoptions.s
ty"
Package: kvoptions 2016/05/16 v3.12 Key value format for package options (HO)
)
\@linkdim=\dimen165
\Hy@linkcounter=\count122
\Hy@pagecounter=\count123
("C:\Users\Oli\AppData\Local\Programs\MiKTeX 2.9\tex\latex\hyperref\pd1enc.def"
File: pd1enc.def 2018/02/06 v6.86b Hyperref: PDFDocEncoding definition (HO)
Now handling font encoding PD1 ...
... no UTF-8 mapping file for font encoding PD1
)
\Hy@SavedSpaceFactor=\count124

("C:\Users\Oli\AppData\Local\Programs\MiKTeX 2.9\tex\latex\00miktex\hyperref.cf
g"
File: hyperref.cfg 2002/06/06 v1.2 hyperref configuration of TeXLive
)
Package hyperref Info: Option `unicode' set `true' on input line 4383.
("C:\Users\Oli\AppData\Local\Programs\MiKTeX 2.9\tex\latex\hyperref\puenc.def"
File: puenc.def 2018/02/06 v6.86b Hyperref: PDF Unicode definition (HO)
Now handling font encoding PU ...
... no UTF-8 mapping file for font encoding PU
)
Package hyperref Info: Option `bookmarks' set `true' on input line 4383.
Package hyperref Info: Option `bookmarksopen' set `true' on input line 4383.
Package hyperref Info: Option `implicit' set `false' on input line 4383.
Package hyperref Info: Hyper figures OFF on input line 4509.
Package hyperref Info: Link nesting OFF on input line 4514.
Package hyperref Info: Hyper index ON on input line 4517.
Package hyperref Info: Plain pages OFF on input line 4524.
Package hyperref Info: Backreferencing OFF on input line 4529.
Package hyperref Info: Implicit mode OFF; no redefinition of LaTeX internals.
Package hyperref Info: Bookmarks ON on input line 4762.
\c@Hy@tempcnt=\count125
("C:\Users\Oli\AppData\Local\Programs\MiKTeX 2.9\tex\latex\url\url.sty"
\Urlmuskip=\muskip10
Package: url 2013/09/16  ver 3.4  Verb mode for urls, etc.
)
LaTeX Info: Redefining \url on input line 5115.
\XeTeXLinkMargin=\dimen166
\Fld@menulength=\count126
\Field@Width=\dimen167
\Fld@charsize=\dimen168
Package hyperref Info: Hyper figures OFF on input line 6369.
Package hyperref Info: Link nesting OFF on input line 6374.
Package hyperref Info: Hyper index ON on input line 6377.
Package hyperref Info: backreferencing OFF on input line 6384.
Package hyperref Info: Link coloring OFF on input line 6389.
Package hyperref Info: Link coloring with OCG OFF on input line 6394.
Package hyperref Info: PDF/A mode OFF on input line 6399.
LaTeX Info: Redefining \ref on input line 6439.
LaTeX Info: Redefining \pageref on input line 6443.
\Hy@abspage=\count127

Package hyperref Message: Stopped early.

)
Package hyperref Info: Driver (autodetected): hpdftex.
("C:\Users\Oli\AppData\Local\Programs\MiKTeX 2.9\tex\latex\hyperref\hpdftex.def
"
File: hpdftex.def 2018/02/06 v6.86b Hyperref driver for pdfTeX
\Fld@listcount=\count128
\c@bookmark@seq@number=\count129

("C:\Users\Oli\AppData\Local\Programs\MiKTeX 2.9\tex\latex\oberdiek\rerunfilech
eck.sty"
Package: rerunfilecheck 2016/05/16 v1.8 Rerun checks for auxiliary files (HO)
Package uniquecounter Info: New unique counter `rerunfilecheck' on input line 2
82.
))
("C:\Users\Oli\AppData\Local\Programs\MiKTeX 2.9\tex\latex\beamer\beamerbasereq
uires.sty"
("C:\Users\Oli\AppData\Local\Programs\MiKTeX 2.9\tex\latex\beamer\beamerbasecom
patibility.sty")
("C:\Users\Oli\AppData\Local\Programs\MiKTeX 2.9\tex\latex\beamer\beamerbasefon
t.sty" ("C:\Users\Oli\AppData\Local\Programs\MiKTeX 2.9\tex\latex\amsfonts\amss
ymb.sty"
Package: amssymb 2013/01/14 v3.01 AMS font symbols

("C:\Users\Oli\AppData\Local\Programs\MiKTeX 2.9\tex\latex\amsfonts\amsfonts.st
y"
Package: amsfonts 2013/01/14 v3.01 Basic AMSFonts support
\@emptytoks=\toks26
\symAMSa=\mathgroup4
\symAMSb=\mathgroup5
LaTeX Font Info:    Overwriting math alphabet `\mathfrak' in version `bold'
(Font)                  U/euf/m/n --> U/euf/b/n on input line 106.
))
("C:\Users\Oli\AppData\Local\Programs\MiKTeX 2.9\tex\latex\sansmathaccent\sansm
athaccent.sty"
Package: sansmathaccent 2013/03/28

("C:\Users\Oli\AppData\Local\Programs\MiKTeX 2.9\tex\latex\filehook\filehook.st
y"
Package: filehook 2011/10/12 v0.5d Hooks for input files
)))
("C:\Users\Oli\AppData\Local\Programs\MiKTeX 2.9\tex\latex\beamer\beamerbasetra
nslator.sty"
("C:\Users\Oli\AppData\Local\Programs\MiKTeX 2.9\tex\latex\translator\translato
r.sty"
Package: translator 2019-05-31 v1.12a Easy translation of strings in LaTeX
))
("C:\Users\Oli\AppData\Local\Programs\MiKTeX 2.9\tex\latex\beamer\beamerbasemis
c.sty")
("C:\Users\Oli\AppData\Local\Programs\MiKTeX 2.9\tex\latex\beamer\beamerbasetwo
screens.sty")
("C:\Users\Oli\AppData\Local\Programs\MiKTeX 2.9\tex\latex\beamer\beamerbaseove
rlay.sty"
\beamer@argscount=\count130
\beamer@lastskipcover=\skip44
\beamer@trivlistdepth=\count131
)
("C:\Users\Oli\AppData\Local\Programs\MiKTeX 2.9\tex\latex\beamer\beamerbasetit
le.sty")
("C:\Users\Oli\AppData\Local\Programs\MiKTeX 2.9\tex\latex\beamer\beamerbasesec
tion.sty"
\c@lecture=\count132
\c@part=\count133
\c@section=\count134
\c@subsection=\count135
\c@subsubsection=\count136
)
("C:\Users\Oli\AppData\Local\Programs\MiKTeX 2.9\tex\latex\beamer\beamerbasefra
me.sty"
\beamer@framebox=\box40
\beamer@frametitlebox=\box41
\beamer@zoombox=\box42
\beamer@zoomcount=\count137
\beamer@zoomframecount=\count138
\beamer@frametextheight=\dimen169
\c@subsectionslide=\count139
\beamer@frametopskip=\skip45
\beamer@framebottomskip=\skip46
\beamer@frametopskipautobreak=\skip47
\beamer@framebottomskipautobreak=\skip48
\beamer@envbody=\toks27
\framewidth=\dimen170
\c@framenumber=\count140
)
("C:\Users\Oli\AppData\Local\Programs\MiKTeX 2.9\tex\latex\beamer\beamerbasever
batim.sty"
\beamer@verbatimfileout=\write4
)
("C:\Users\Oli\AppData\Local\Programs\MiKTeX 2.9\tex\latex\beamer\beamerbasefra
mesize.sty"
\beamer@splitbox=\box43
\beamer@autobreakcount=\count141
\beamer@autobreaklastheight=\dimen171
\beamer@frametitletoks=\toks28
\beamer@framesubtitletoks=\toks29
)
("C:\Users\Oli\AppData\Local\Programs\MiKTeX 2.9\tex\latex\beamer\beamerbasefra
mecomponents.sty"
\beamer@footins=\box44
)
("C:\Users\Oli\AppData\Local\Programs\MiKTeX 2.9\tex\latex\beamer\beamerbasecol
or.sty")
("C:\Users\Oli\AppData\Local\Programs\MiKTeX 2.9\tex\latex\beamer\beamerbasenot
es.sty"
\beamer@frameboxcopy=\box45
)
("C:\Users\Oli\AppData\Local\Programs\MiKTeX 2.9\tex\latex\beamer\beamerbasetoc
.sty")
("C:\Users\Oli\AppData\Local\Programs\MiKTeX 2.9\tex\latex\beamer\beamerbasetem
plates.sty"
\beamer@sbttoks=\toks30

("C:\Users\Oli\AppData\Local\Programs\MiKTeX 2.9\tex\latex\beamer\beamerbaseaux
templates.sty"
("C:\Users\Oli\AppData\Local\Programs\MiKTeX 2.9\tex\latex\beamer\beamerbasebox
es.sty"
\bmb@box=\box46
\bmb@colorbox=\box47
\bmb@boxshadow=\box48
\bmb@boxshadowball=\box49
\bmb@boxshadowballlarge=\box50
\bmb@temp=\dimen172
\bmb@dima=\dimen173
\bmb@dimb=\dimen174
\bmb@prevheight=\dimen175
)
\beamer@blockheadheight=\dimen176
))
("C:\Users\Oli\AppData\Local\Programs\MiKTeX 2.9\tex\latex\beamer\beamerbaseloc
alstructure.sty" ("C:\Users\Oli\AppData\Local\Programs\MiKTeX 2.9\tex\latex\too
ls\enumerate.sty"
Package: enumerate 2015/07/23 v3.00 enumerate extensions (DPC)
\@enLab=\toks31
)
\c@figure=\count142
\c@table=\count143
\abovecaptionskip=\skip49
\belowcaptionskip=\skip50
)
("C:\Users\Oli\AppData\Local\Programs\MiKTeX 2.9\tex\latex\beamer\beamerbasenav
igation.sty"
\beamer@section@min@dim=\dimen177
)
("C:\Users\Oli\AppData\Local\Programs\MiKTeX 2.9\tex\latex\beamer\beamerbasethe
orems.sty" ("C:\Users\Oli\AppData\Local\Programs\MiKTeX 2.9\tex\latex\amsmath\a
msmath.sty"
Package: amsmath 2017/09/02 v2.17a AMS math features
\@mathmargin=\skip51
For additional information on amsmath, use the `?' option.
("C:\Users\Oli\AppData\Local\Programs\MiKTeX 2.9\tex\latex\amsmath\amstext.sty"
Package: amstext 2000/06/29 v2.01 AMS text
("C:\Users\Oli\AppData\Local\Programs\MiKTeX 2.9\tex\latex\amsmath\amsgen.sty"
File: amsgen.sty 1999/11/30 v2.0 generic functions
\@emptytoks=\toks32
\ex@=\dimen178
)) ("C:\Users\Oli\AppData\Local\Programs\MiKTeX 2.9\tex\latex\amsmath\amsbsy.st
y"
Package: amsbsy 1999/11/29 v1.2d Bold Symbols
\pmbraise@=\dimen179
) ("C:\Users\Oli\AppData\Local\Programs\MiKTeX 2.9\tex\latex\amsmath\amsopn.sty
"
Package: amsopn 2016/03/08 v2.02 operator names
)
\inf@bad=\count144
LaTeX Info: Redefining \frac on input line 213.
\uproot@=\count145
\leftroot@=\count146
LaTeX Info: Redefining \overline on input line 375.
\classnum@=\count147
\DOTSCASE@=\count148
LaTeX Info: Redefining \ldots on input line 472.
LaTeX Info: Redefining \dots on input line 475.
LaTeX Info: Redefining \cdots on input line 596.
\Mathstrutbox@=\box51
\strutbox@=\box52
\big@size=\dimen180
LaTeX Font Info:    Redeclaring font encoding OML on input line 712.
LaTeX Font Info:    Redeclaring font encoding OMS on input line 713.
\macc@depth=\count149
\c@MaxMatrixCols=\count150
\dotsspace@=\muskip11
\c@parentequation=\count151
\dspbrk@lvl=\count152
\tag@help=\toks33
\row@=\count153
\column@=\count154
\maxfields@=\count155
\andhelp@=\toks34
\eqnshift@=\dimen181
\alignsep@=\dimen182
\tagshift@=\dimen183
\tagwidth@=\dimen184
\totwidth@=\dimen185
\lineht@=\dimen186
\@envbody=\toks35
\multlinegap=\skip52
\multlinetaggap=\skip53
\mathdisplay@stack=\toks36
LaTeX Info: Redefining \[ on input line 2817.
LaTeX Info: Redefining \] on input line 2818.
) ("C:\Users\Oli\AppData\Local\Programs\MiKTeX 2.9\tex\latex\amscls\amsthm.sty"
Package: amsthm 2017/10/31 v2.20.4
\thm@style=\toks37
\thm@bodyfont=\toks38
\thm@headfont=\toks39
\thm@notefont=\toks40
\thm@headpunct=\toks41
\thm@preskip=\skip54
\thm@postskip=\skip55
\thm@headsep=\skip56
\dth@everypar=\toks42
)
\c@theorem=\count156
)
("C:\Users\Oli\AppData\Local\Programs\MiKTeX 2.9\tex\latex\beamer\beamerbasethe
mes.sty"))
("C:\Users\Oli\AppData\Local\Programs\MiKTeX 2.9\tex\latex\beamer\beamerthemede
fault.sty"
("C:\Users\Oli\AppData\Local\Programs\MiKTeX 2.9\tex\latex\beamer\beamerfontthe
medefault.sty")
("C:\Users\Oli\AppData\Local\Programs\MiKTeX 2.9\tex\latex\beamer\beamercolorth
emedefault.sty")
("C:\Users\Oli\AppData\Local\Programs\MiKTeX 2.9\tex\latex\beamer\beamerinnerth
emedefault.sty"
\beamer@dima=\dimen187
\beamer@dimb=\dimen188
)
("C:\Users\Oli\AppData\Local\Programs\MiKTeX 2.9\tex\latex\beamer\beamerouterth
emedefault.sty")))
("C:\Users\Oli\AppData\Local\Programs\MiKTeX 2.9\tex\latex\pgf\utilities\pgfpag
es.sty"
Package: pgfpages 2011/01/05 ver 0.02
("C:\Users\Oli\AppData\Local\Programs\MiKTeX 2.9\tex\latex\tools\calc.sty"
Package: calc 2017/05/25 v4.3 Infix arithmetic (KKT,FJ)
\calc@Acount=\count157
\calc@Bcount=\count158
\calc@Adimen=\dimen189
\calc@Bdimen=\dimen190
\calc@Askip=\skip57
\calc@Bskip=\skip58
LaTeX Info: Redefining \setlength on input line 80.
LaTeX Info: Redefining \addtolength on input line 81.
\calc@Ccount=\count159
\calc@Cskip=\skip59
)
\pgf@logicalpages=\count160
\pgf@firstshipout=\count161
\pgf@lastshipout=\count162
\pgf@currentshipout=\count163
\pgf@cpn=\count164
\pgf@shipoutnextto=\count165
\pgfphysicalheight=\dimen191
\pgfphysicalwidth=\dimen192
\pgfpages@shipoutbox=\box53
) ("C:\Users\Oli\AppData\Local\Programs\MiKTeX 2.9\tex\latex\lm\lmodern.sty"
Package: lmodern 2009/10/30 v1.6 Latin Modern Fonts
LaTeX Font Info:    Overwriting symbol font `operators' in version `normal'
(Font)                  OT1/cmr/m/n --> OT1/lmr/m/n on input line 22.
LaTeX Font Info:    Overwriting symbol font `letters' in version `normal'
(Font)                  OML/cmm/m/it --> OML/lmm/m/it on input line 23.
LaTeX Font Info:    Overwriting symbol font `symbols' in version `normal'
(Font)                  OMS/cmsy/m/n --> OMS/lmsy/m/n on input line 24.
LaTeX Font Info:    Overwriting symbol font `largesymbols' in version `normal'
(Font)                  OMX/cmex/m/n --> OMX/lmex/m/n on input line 25.
LaTeX Font Info:    Overwriting symbol font `operators' in version `bold'
(Font)                  OT1/cmr/bx/n --> OT1/lmr/bx/n on input line 26.
LaTeX Font Info:    Overwriting symbol font `letters' in version `bold'
(Font)                  OML/cmm/b/it --> OML/lmm/b/it on input line 27.
LaTeX Font Info:    Overwriting symbol font `symbols' in version `bold'
(Font)                  OMS/cmsy/b/n --> OMS/lmsy/b/n on input line 28.
LaTeX Font Info:    Overwriting symbol font `largesymbols' in version `bold'
(Font)                  OMX/cmex/m/n --> OMX/lmex/m/n on input line 29.
LaTeX Font Info:    Overwriting math alphabet `\mathbf' in version `normal'
(Font)                  OT1/cmr/bx/n --> OT1/lmr/bx/n on input line 31.
LaTeX Font Info:    Overwriting math alphabet `\mathsf' in version `normal'
(Font)                  OT1/cmss/m/n --> OT1/lmss/m/n on input line 32.
LaTeX Font Info:    Overwriting math alphabet `\mathit' in version `normal'
(Font)                  OT1/cmr/m/it --> OT1/lmr/m/it on input line 33.
LaTeX Font Info:    Overwriting math alphabet `\mathtt' in version `normal'
(Font)                  OT1/cmtt/m/n --> OT1/lmtt/m/n on input line 34.
LaTeX Font Info:    Overwriting math alphabet `\mathbf' in version `bold'
(Font)                  OT1/cmr/bx/n --> OT1/lmr/bx/n on input line 35.
LaTeX Font Info:    Overwriting math alphabet `\mathsf' in version `bold'
(Font)                  OT1/cmss/bx/n --> OT1/lmss/bx/n on input line 36.
LaTeX Font Info:    Overwriting math alphabet `\mathit' in version `bold'
(Font)                  OT1/cmr/bx/it --> OT1/lmr/bx/it on input line 37.
LaTeX Font Info:    Overwriting math alphabet `\mathtt' in version `bold'
(Font)                  OT1/cmtt/m/n --> OT1/lmtt/m/n on input line 38.
) ("C:\Users\Oli\AppData\Local\Programs\MiKTeX 2.9\tex\latex\base\fontenc.sty"
Package: fontenc 2017/04/05 v2.0i Standard LaTeX package
("C:\Users\Oli\AppData\Local\Programs\MiKTeX 2.9\tex\latex\base\t1enc.def"
File: t1enc.def 2017/04/05 v2.0i Standard LaTeX file
LaTeX Font Info:    Redeclaring font encoding T1 on input line 48.
)) ("C:\Users\Oli\AppData\Local\Programs\MiKTeX 2.9\tex\latex\base\inputenc.sty
"
Package: inputenc 2018/04/06 v1.3b Input encoding file
\inpenc@prehook=\toks43
\inpenc@posthook=\toks44
) ("C:\Users\Oli\AppData\Local\Programs\MiKTeX 2.9\tex\latex\base\textcomp.sty"
Package: textcomp 2017/04/05 v2.0i Standard LaTeX package
Package textcomp Info: Sub-encoding information:
(textcomp)               5 = only ISO-Adobe without \textcurrency
(textcomp)               4 = 5 + \texteuro
(textcomp)               3 = 4 + \textohm
(textcomp)               2 = 3 + \textestimated + \textcurrency
(textcomp)               1 = TS1 - \textcircled - \t
(textcomp)               0 = TS1 (full)
(textcomp)             Font families with sub-encoding setting implement
(textcomp)             only a restricted character set as indicated.
(textcomp)             Family '?' is the default used for unknown fonts.
(textcomp)             See the documentation for details.
Package textcomp Info: Setting ? sub-encoding to TS1/1 on input line 79.
("C:\Users\Oli\AppData\Local\Programs\MiKTeX 2.9\tex\latex\base\ts1enc.def"
File: ts1enc.def 2001/06/05 v3.0e (jk/car/fm) Standard LaTeX file
Now handling font encoding TS1 ...
... processing UTF-8 mapping file for font encoding TS1
("C:\Users\Oli\AppData\Local\Programs\MiKTeX 2.9\tex\latex\base\ts1enc.dfu"
File: ts1enc.dfu 2018/04/05 v1.2c UTF-8 support for inputenc
   defining Unicode char U+00A2 (decimal 162)
   defining Unicode char U+00A3 (decimal 163)
   defining Unicode char U+00A4 (decimal 164)
   defining Unicode char U+00A5 (decimal 165)
   defining Unicode char U+00A6 (decimal 166)
   defining Unicode char U+00A7 (decimal 167)
   defining Unicode char U+00A8 (decimal 168)
   defining Unicode char U+00A9 (decimal 169)
   defining Unicode char U+00AA (decimal 170)
   defining Unicode char U+00AC (decimal 172)
   defining Unicode char U+00AE (decimal 174)
   defining Unicode char U+00AF (decimal 175)
   defining Unicode char U+00B0 (decimal 176)
   defining Unicode char U+00B1 (decimal 177)
   defining Unicode char U+00B2 (decimal 178)
   defining Unicode char U+00B3 (decimal 179)
   defining Unicode char U+00B4 (decimal 180)
   defining Unicode char U+00B5 (decimal 181)
   defining Unicode char U+00B6 (decimal 182)
   defining Unicode char U+00B7 (decimal 183)
   defining Unicode char U+00B9 (decimal 185)
   defining Unicode char U+00BA (decimal 186)
   defining Unicode char U+00BC (decimal 188)
   defining Unicode char U+00BD (decimal 189)
   defining Unicode char U+00BE (decimal 190)
   defining Unicode char U+00D7 (decimal 215)
   defining Unicode char U+00F7 (decimal 247)
   defining Unicode char U+0192 (decimal 402)
   defining Unicode char U+02C7 (decimal 711)
   defining Unicode char U+02D8 (decimal 728)
   defining Unicode char U+02DD (decimal 733)
   defining Unicode char U+0E3F (decimal 3647)
   defining Unicode char U+2016 (decimal 8214)
   defining Unicode char U+2020 (decimal 8224)
   defining Unicode char U+2021 (decimal 8225)
   defining Unicode char U+2022 (decimal 8226)
   defining Unicode char U+2030 (decimal 8240)
   defining Unicode char U+2031 (decimal 8241)
   defining Unicode char U+203B (decimal 8251)
   defining Unicode char U+203D (decimal 8253)
   defining Unicode char U+2044 (decimal 8260)
   defining Unicode char U+204E (decimal 8270)
   defining Unicode char U+2052 (decimal 8274)
   defining Unicode char U+20A1 (decimal 8353)
   defining Unicode char U+20A4 (decimal 8356)
   defining Unicode char U+20A6 (decimal 8358)
   defining Unicode char U+20A9 (decimal 8361)
   defining Unicode char U+20AB (decimal 8363)
   defining Unicode char U+20AC (decimal 8364)
   defining Unicode char U+20B1 (decimal 8369)
   defining Unicode char U+2103 (decimal 8451)
   defining Unicode char U+2116 (decimal 8470)
   defining Unicode char U+2117 (decimal 8471)
   defining Unicode char U+211E (decimal 8478)
   defining Unicode char U+2120 (decimal 8480)
   defining Unicode char U+2122 (decimal 8482)
   defining Unicode char U+2126 (decimal 8486)
   defining Unicode char U+2127 (decimal 8487)
   defining Unicode char U+212E (decimal 8494)
   defining Unicode char U+2190 (decimal 8592)
   defining Unicode char U+2191 (decimal 8593)
   defining Unicode char U+2192 (decimal 8594)
   defining Unicode char U+2193 (decimal 8595)
   defining Unicode char U+2329 (decimal 9001)
   defining Unicode char U+232A (decimal 9002)
   defining Unicode char U+2422 (decimal 9250)
   defining Unicode char U+25E6 (decimal 9702)
   defining Unicode char U+25EF (decimal 9711)
   defining Unicode char U+266A (decimal 9834)
   defining Unicode char U+FEFF (decimal 65279)
))
LaTeX Info: Redefining \oldstylenums on input line 334.
Package textcomp Info: Setting cmr sub-encoding to TS1/0 on input line 349.
Package textcomp Info: Setting cmss sub-encoding to TS1/0 on input line 350.
Package textcomp Info: Setting cmtt sub-encoding to TS1/0 on input line 351.
Package textcomp Info: Setting cmvtt sub-encoding to TS1/0 on input line 352.
Package textcomp Info: Setting cmbr sub-encoding to TS1/0 on input line 353.
Package textcomp Info: Setting cmtl sub-encoding to TS1/0 on input line 354.
Package textcomp Info: Setting ccr sub-encoding to TS1/0 on input line 355.
Package textcomp Info: Setting ptm sub-encoding to TS1/4 on input line 356.
Package textcomp Info: Setting pcr sub-encoding to TS1/4 on input line 357.
Package textcomp Info: Setting phv sub-encoding to TS1/4 on input line 358.
Package textcomp Info: Setting ppl sub-encoding to TS1/3 on input line 359.
Package textcomp Info: Setting pag sub-encoding to TS1/4 on input line 360.
Package textcomp Info: Setting pbk sub-encoding to TS1/4 on input line 361.
Package textcomp Info: Setting pnc sub-encoding to TS1/4 on input line 362.
Package textcomp Info: Setting pzc sub-encoding to TS1/4 on input line 363.
Package textcomp Info: Setting bch sub-encoding to TS1/4 on input line 364.
Package textcomp Info: Setting put sub-encoding to TS1/5 on input line 365.
Package textcomp Info: Setting uag sub-encoding to TS1/5 on input line 366.
Package textcomp Info: Setting ugq sub-encoding to TS1/5 on input line 367.
Package textcomp Info: Setting ul8 sub-encoding to TS1/4 on input line 368.
Package textcomp Info: Setting ul9 sub-encoding to TS1/4 on input line 369.
Package textcomp Info: Setting augie sub-encoding to TS1/5 on input line 370.
Package textcomp Info: Setting dayrom sub-encoding to TS1/3 on input line 371.
Package textcomp Info: Setting dayroms sub-encoding to TS1/3 on input line 372.

Package textcomp Info: Setting pxr sub-encoding to TS1/0 on input line 373.
Package textcomp Info: Setting pxss sub-encoding to TS1/0 on input line 374.
Package textcomp Info: Setting pxtt sub-encoding to TS1/0 on input line 375.
Package textcomp Info: Setting txr sub-encoding to TS1/0 on input line 376.
Package textcomp Info: Setting txss sub-encoding to TS1/0 on input line 377.
Package textcomp Info: Setting txtt sub-encoding to TS1/0 on input line 378.
Package textcomp Info: Setting lmr sub-encoding to TS1/0 on input line 379.
Package textcomp Info: Setting lmdh sub-encoding to TS1/0 on input line 380.
Package textcomp Info: Setting lmss sub-encoding to TS1/0 on input line 381.
Package textcomp Info: Setting lmssq sub-encoding to TS1/0 on input line 382.
Package textcomp Info: Setting lmvtt sub-encoding to TS1/0 on input line 383.
Package textcomp Info: Setting lmtt sub-encoding to TS1/0 on input line 384.
Package textcomp Info: Setting qhv sub-encoding to TS1/0 on input line 385.
Package textcomp Info: Setting qag sub-encoding to TS1/0 on input line 386.
Package textcomp Info: Setting qbk sub-encoding to TS1/0 on input line 387.
Package textcomp Info: Setting qcr sub-encoding to TS1/0 on input line 388.
Package textcomp Info: Setting qcs sub-encoding to TS1/0 on input line 389.
Package textcomp Info: Setting qpl sub-encoding to TS1/0 on input line 390.
Package textcomp Info: Setting qtm sub-encoding to TS1/0 on input line 391.
Package textcomp Info: Setting qzc sub-encoding to TS1/0 on input line 392.
Package textcomp Info: Setting qhvc sub-encoding to TS1/0 on input line 393.
Package textcomp Info: Setting futs sub-encoding to TS1/4 on input line 394.
Package textcomp Info: Setting futx sub-encoding to TS1/4 on input line 395.
Package textcomp Info: Setting futj sub-encoding to TS1/4 on input line 396.
Package textcomp Info: Setting hlh sub-encoding to TS1/3 on input line 397.
Package textcomp Info: Setting hls sub-encoding to TS1/3 on input line 398.
Package textcomp Info: Setting hlst sub-encoding to TS1/3 on input line 399.
Package textcomp Info: Setting hlct sub-encoding to TS1/5 on input line 400.
Package textcomp Info: Setting hlx sub-encoding to TS1/5 on input line 401.
Package textcomp Info: Setting hlce sub-encoding to TS1/5 on input line 402.
Package textcomp Info: Setting hlcn sub-encoding to TS1/5 on input line 403.
Package textcomp Info: Setting hlcw sub-encoding to TS1/5 on input line 404.
Package textcomp Info: Setting hlcf sub-encoding to TS1/5 on input line 405.
Package textcomp Info: Setting pplx sub-encoding to TS1/3 on input line 406.
Package textcomp Info: Setting pplj sub-encoding to TS1/3 on input line 407.
Package textcomp Info: Setting ptmx sub-encoding to TS1/4 on input line 408.
Package textcomp Info: Setting ptmj sub-encoding to TS1/4 on input line 409.
)
("C:\Users\Oli\AppData\Local\Programs\MiKTeX 2.9\tex\latex\beamer\beamerfontthe
meprofessionalfonts.sty") ("C:\Users\Oli\AppData\Local\Programs\MiKTeX 2.9\tex\
latex\upquote\upquote.sty"
Package: upquote 2012/04/19 v1.3 upright-quote and grave-accent glyphs in verba
tim
)
("C:\Users\Oli\AppData\Local\Programs\MiKTeX 2.9\tex\latex\microtype\microtype.
sty"
Package: microtype 2018/01/14 v2.7a Micro-typographical refinements (RS)
\MT@toks=\toks45
\MT@count=\count166
LaTeX Info: Redefining \textls on input line 793.
\MT@outer@kern=\dimen193
LaTeX Info: Redefining \textmicrotypecontext on input line 1339.
\MT@listname@count=\count167

("C:\Users\Oli\AppData\Local\Programs\MiKTeX 2.9\tex\latex\microtype\microtype-
pdftex.def"
File: microtype-pdftex.def 2018/01/14 v2.7a Definitions specific to pdftex (RS)

LaTeX Info: Redefining \lsstyle on input line 913.
LaTeX Info: Redefining \lslig on input line 913.
\MT@outer@space=\skip60
)
Package microtype Info: Loading configuration file microtype.cfg.

("C:\Users\Oli\AppData\Local\Programs\MiKTeX 2.9\tex\latex\microtype\microtype.
cfg"
File: microtype.cfg 2018/01/14 v2.7a microtype main configuration file (RS)
)) ("C:\Users\Oli\AppData\Local\Programs\MiKTeX 2.9\tex\latex\parskip\parskip.s
ty"
Package: parskip 2001/04/09 non-zero parskip adjustments
) ("C:\Users\Oli\AppData\Local\Programs\MiKTeX 2.9\tex\latex\xurl\xurl.sty"
Package: xurl 2018/12/23 v 0.07 modify URL breaks
)
("C:\Users\Oli\AppData\Local\Programs\MiKTeX 2.9\tex\latex\oberdiek\bookmark.st
y"
Package: bookmark 2016/05/17 v1.26 PDF bookmarks (HO)

("C:\Users\Oli\AppData\Local\Programs\MiKTeX 2.9\tex\latex\oberdiek\bkm-pdftex.
def"
File: bkm-pdftex.def 2016/05/17 v1.26 bookmark driver for pdfTeX (HO)
\BKM@id=\count168
))
Package hyperref Info: Option `breaklinks' set `true' on input line 81.
(Presentation.aux

LaTeX Warning: Label `' multiply defined.


LaTeX Warning: Label `' multiply defined.


LaTeX Warning: Label `' multiply defined.

)
\openout1 = `Presentation.aux'.

LaTeX Font Info:    Checking defaults for OML/cmm/m/it on input line 99.
LaTeX Font Info:    ... okay on input line 99.
LaTeX Font Info:    Checking defaults for T1/cmr/m/n on input line 99.
LaTeX Font Info:    ... okay on input line 99.
LaTeX Font Info:    Checking defaults for OT1/cmr/m/n on input line 99.
LaTeX Font Info:    ... okay on input line 99.
LaTeX Font Info:    Checking defaults for OMS/cmsy/m/n on input line 99.
LaTeX Font Info:    ... okay on input line 99.
LaTeX Font Info:    Checking defaults for OMX/cmex/m/n on input line 99.
LaTeX Font Info:    ... okay on input line 99.
LaTeX Font Info:    Checking defaults for U/cmr/m/n on input line 99.
LaTeX Font Info:    ... okay on input line 99.
LaTeX Font Info:    Checking defaults for PD1/pdf/m/n on input line 99.
LaTeX Font Info:    ... okay on input line 99.
LaTeX Font Info:    Checking defaults for PU/pdf/m/n on input line 99.
LaTeX Font Info:    ... okay on input line 99.
LaTeX Font Info:    Checking defaults for TS1/cmr/m/n on input line 99.
LaTeX Font Info:    Try loading font information for TS1+cmr on input line 99.
("C:\Users\Oli\AppData\Local\Programs\MiKTeX 2.9\tex\latex\base\ts1cmr.fd"
File: ts1cmr.fd 2014/09/29 v2.5h Standard LaTeX font definitions
)
LaTeX Font Info:    ... okay on input line 99.
LaTeX Font Info:    Try loading font information for T1+lmss on input line 99.
("C:\Users\Oli\AppData\Local\Programs\MiKTeX 2.9\tex\latex\lm\t1lmss.fd"
File: t1lmss.fd 2009/10/30 v1.6 Font defs for Latin Modern
)
*geometry* driver: auto-detecting
*geometry* detected driver: pdftex
*geometry* verbose mode - [ preamble ] result:
* driver: pdftex
* paper: custom
* layout: <same size as paper>
* layoutoffset:(h,v)=(0.0pt,0.0pt)
* modes: includehead includefoot 
* h-part:(L,W,R)=(28.45274pt, 307.28987pt, 28.45274pt)
* v-part:(T,H,B)=(0.0pt, 273.14662pt, 0.0pt)
* \paperwidth=364.19536pt
* \paperheight=273.14662pt
* \textwidth=307.28987pt
* \textheight=244.6939pt
* \oddsidemargin=-43.81725pt
* \evensidemargin=-43.81725pt
* \topmargin=-72.26999pt
* \headheight=14.22636pt
* \headsep=0.0pt
* \topskip=11.0pt
* \footskip=14.22636pt
* \marginparwidth=4.0pt
* \marginparsep=10.0pt
* \columnsep=10.0pt
* \skip\footins=10.0pt plus 4.0pt minus 2.0pt
* \hoffset=0.0pt
* \voffset=0.0pt
* \mag=1000
* \@twocolumnfalse
* \@twosidefalse
* \@mparswitchfalse
* \@reversemarginfalse
* (1in=72.27pt=25.4mm, 1cm=28.453pt)

("C:\Users\Oli\AppData\Local\Programs\MiKTeX 2.9\tex\context\base\supp-pdf.mkii
"
[Loading MPS to PDF converter (version 2006.09.02).]
\scratchcounter=\count169
\scratchdimen=\dimen194
\scratchbox=\box54
\nofMPsegments=\count170
\nofMParguments=\count171
\everyMPshowfont=\toks46
\MPscratchCnt=\count172
\MPscratchDim=\dimen195
\MPnumerator=\count173
\makeMPintoPDFobject=\count174
\everyMPtoPDFconversion=\toks47
)
("C:\Users\Oli\AppData\Local\Programs\MiKTeX 2.9\tex\latex\oberdiek\epstopdf-ba
se.sty"
Package: epstopdf-base 2016/05/15 v2.6 Base part for package epstopdf
("C:\Users\Oli\AppData\Local\Programs\MiKTeX 2.9\tex\latex\oberdiek\grfext.sty"
Package: grfext 2016/05/16 v1.2 Manage graphics extensions (HO)
)
Package epstopdf-base Info: Redefining graphics rule for `.eps' on input line 4
38.
Package grfext Info: Graphics extension search list:
(grfext)             [.pdf,.png,.jpg,.mps,.jpeg,.jbig2,.jb2,.PDF,.PNG,.JPG,.JPE
G,.JBIG2,.JB2,.eps]
(grfext)             \AppendGraphicsExtensions on input line 456.
) ABD: EveryShipout initializing macros
\AtBeginShipoutBox=\box55
Package hyperref Info: Link coloring OFF on input line 99.
("C:\Users\Oli\AppData\Local\Programs\MiKTeX 2.9\tex\latex\hyperref\nameref.sty
"
Package: nameref 2016/05/21 v2.44 Cross-referencing by name of section

("C:\Users\Oli\AppData\Local\Programs\MiKTeX 2.9\tex\generic\oberdiek\gettitles
tring.sty"
Package: gettitlestring 2016/05/16 v1.5 Cleanup title references (HO)
)
\c@section@level=\count175
)
LaTeX Info: Redefining \ref on input line 99.
LaTeX Info: Redefining \pageref on input line 99.
LaTeX Info: Redefining \nameref on input line 99.

("C:\Users\Oli\AppData\Local\Programs\MiKTeX 2.9\tex\latex\translator\translato
r-basic-dictionary-English.dict"
Dictionary: translator-basic-dictionary, Language: English 
)
("C:\Users\Oli\AppData\Local\Programs\MiKTeX 2.9\tex\latex\translator\translato
r-bibliography-dictionary-English.dict"
Dictionary: translator-bibliography-dictionary, Language: English 
)
("C:\Users\Oli\AppData\Local\Programs\MiKTeX 2.9\tex\latex\translator\translato
r-environment-dictionary-English.dict"
Dictionary: translator-environment-dictionary, Language: English 
)
("C:\Users\Oli\AppData\Local\Programs\MiKTeX 2.9\tex\latex\translator\translato
r-months-dictionary-English.dict"
Dictionary: translator-months-dictionary, Language: English 
)
("C:\Users\Oli\AppData\Local\Programs\MiKTeX 2.9\tex\latex\translator\translato
r-numbers-dictionary-English.dict"
Dictionary: translator-numbers-dictionary, Language: English 
)
("C:\Users\Oli\AppData\Local\Programs\MiKTeX 2.9\tex\latex\translator\translato
r-theorem-dictionary-English.dict"
Dictionary: translator-theorem-dictionary, Language: English 
)
LaTeX Info: Redefining \microtypecontext on input line 99.
Package microtype Info: Generating PDF output.
Package microtype Info: Character protrusion enabled (level 2).
Package microtype Info: Using protrusion set `basicmath'.
Package microtype Info: Automatic font expansion enabled (level 2),
(microtype)             stretch: 20, shrink: 20, step: 1, non-selected.
Package microtype Info: Using default expansion set `basictext'.
Package microtype Info: No adjustment of tracking.
Package microtype Info: No adjustment of interword spacing.
Package microtype Info: No adjustment of character kerning.
Package microtype Info: Loading generic protrusion settings for font family
(microtype)             `lmss' (encoding: T1).
(microtype)             For optimal results, create family-specific settings.
(microtype)             See the microtype manual for details.
(Presentation.nav) [1

{C:/Users/Oli/AppData/Local/MiKTeX/2.9/pdftex/config/pdftex.map}]
LaTeX Font Info:    Try loading font information for OT1+lmr on input line 118.

("C:\Users\Oli\AppData\Local\Programs\MiKTeX 2.9\tex\latex\lm\ot1lmr.fd"
File: ot1lmr.fd 2009/10/30 v1.6 Font defs for Latin Modern
) ("C:\Users\Oli\AppData\Local\Programs\MiKTeX 2.9\tex\latex\microtype\mt-cmr.c
fg"
File: mt-cmr.cfg 2013/05/19 v2.2 microtype config. file: Computer Modern Roman 
(RS)
)
LaTeX Font Info:    Try loading font information for OML+lmm on input line 118.

("C:\Users\Oli\AppData\Local\Programs\MiKTeX 2.9\tex\latex\lm\omllmm.fd"
File: omllmm.fd 2009/10/30 v1.6 Font defs for Latin Modern
)
LaTeX Font Info:    Try loading font information for OMS+lmsy on input line 118
.
("C:\Users\Oli\AppData\Local\Programs\MiKTeX 2.9\tex\latex\lm\omslmsy.fd"
File: omslmsy.fd 2009/10/30 v1.6 Font defs for Latin Modern
)
LaTeX Font Info:    Try loading font information for OMX+lmex on input line 118
.
("C:\Users\Oli\AppData\Local\Programs\MiKTeX 2.9\tex\latex\lm\omxlmex.fd"
File: omxlmex.fd 2009/10/30 v1.6 Font defs for Latin Modern
)
LaTeX Font Info:    External font `lmex10' loaded for size
(Font)              <10.95> on input line 118.
LaTeX Font Info:    External font `lmex10' loaded for size
(Font)              <8> on input line 118.
LaTeX Font Info:    External font `lmex10' loaded for size
(Font)              <6> on input line 118.
LaTeX Font Info:    Try loading font information for U+msa on input line 118.
("C:\Users\Oli\AppData\Local\Programs\MiKTeX 2.9\tex\latex\amsfonts\umsa.fd"
File: umsa.fd 2013/01/14 v3.01 AMS symbols A
) ("C:\Users\Oli\AppData\Local\Programs\MiKTeX 2.9\tex\latex\microtype\mt-msa.c
fg"
File: mt-msa.cfg 2006/02/04 v1.1 microtype config. file: AMS symbols (a) (RS)
)
LaTeX Font Info:    Try loading font information for U+msb on input line 118.
("C:\Users\Oli\AppData\Local\Programs\MiKTeX 2.9\tex\latex\amsfonts\umsb.fd"
File: umsb.fd 2013/01/14 v3.01 AMS symbols B
) ("C:\Users\Oli\AppData\Local\Programs\MiKTeX 2.9\tex\latex\microtype\mt-msb.c
fg"
File: mt-msb.cfg 2005/06/01 v1.0 microtype config. file: AMS symbols (b) (RS)
)
LaTeX Font Info:    Font shape `T1/lmss/m/it' in size <10.95> not available
(Font)              Font shape `T1/lmss/m/sl' tried instead on input line 118.
[2

] [3

]
<PNG/density_CHES.png, id=34, 666.0885pt x 413.8662pt>
File: PNG/density_CHES.png Graphic file (type png)
<use PNG/density_CHES.png>
Package pdftex.def Info: PNG/density_CHES.png  used on input line 168.
(pdftex.def)             Requested size: 230.46141pt x 161.48926pt.
[4

 <./PNG/density_CHES.png>]
<PNG/antielite_CHES.png, id=42, 666.0885pt x 413.8662pt>
File: PNG/antielite_CHES.png Graphic file (type png)
<use PNG/antielite_CHES.png>
Package pdftex.def Info: PNG/antielite_CHES.png  used on input line 183.
(pdftex.def)             Requested size: 276.56386pt x 188.40413pt.
[5

 <./PNG/antielite_CHES.png>]
<PNG/lrgen_CHES.png, id=50, 666.0885pt x 413.8662pt>
File: PNG/lrgen_CHES.png Graphic file (type png)
<use PNG/lrgen_CHES.png>
Package pdftex.def Info: PNG/lrgen_CHES.png  used on input line 199.
(pdftex.def)             Requested size: 276.56386pt x 188.40413pt.

Overfull \vbox (6.46016pt too high) detected at line 199
 []

[6

 <./PNG/lrgen_CHES.png>]
<PNG/party_per_country.png, id=58, 666.0885pt x 413.8662pt>
File: PNG/party_per_country.png Graphic file (type png)
<use PNG/party_per_country.png>
Package pdftex.def Info: PNG/party_per_country.png  used on input line 212.
(pdftex.def)             Requested size: 307.28987pt x 190.93648pt.
[7

 <./PNG/party_per_country.png>]
<PNG/party_per_country_vote.png, id=67, 666.0885pt x 413.8662pt>
File: PNG/party_per_country_vote.png Graphic file (type png)
<use PNG/party_per_country_vote.png>
Package pdftex.def Info: PNG/party_per_country_vote.png  used on input line 225
.
(pdftex.def)             Requested size: 307.28987pt x 190.93648pt.
[8

 <./PNG/party_per_country_vote.png>]
<PNG/party_vote.png, id=75, 666.0885pt x 413.8662pt>
File: PNG/party_vote.png Graphic file (type png)
<use PNG/party_vote.png>
Package pdftex.def Info: PNG/party_vote.png  used on input line 239.
(pdftex.def)             Requested size: 153.64493pt x 95.46507pt.
<PNG/party_seat.png, id=76, 666.0885pt x 413.8662pt>
File: PNG/party_seat.png Graphic file (type png)
<use PNG/party_seat.png>
Package pdftex.def Info: PNG/party_seat.png  used on input line 239.
(pdftex.def)             Requested size: 153.64493pt x 95.46507pt.
[9

 <./PNG/party_vote.png> <./PNG/party_seat.png>]
<PNG/party_cabinet.png, id=85, 666.0885pt x 413.8662pt>
File: PNG/party_cabinet.png Graphic file (type png)
<use PNG/party_cabinet.png>
Package pdftex.def Info: PNG/party_cabinet.png  used on input line 252.
(pdftex.def)             Requested size: 153.64493pt x 95.46507pt.
[10

 <./PNG/party_cabinet.png>]
<PNG/Total_index_pop.png, id=93, 666.0885pt x 413.8662pt>
File: PNG/Total_index_pop.png Graphic file (type png)
<use PNG/Total_index_pop.png>
Package pdftex.def Info: PNG/Total_index_pop.png  used on input line 267.
(pdftex.def)             Requested size: 276.56386pt x 188.40413pt.
[11

 <./PNG/Total_index_pop.png>]
LaTeX Font Info:    External font `lmex10' loaded for size
(Font)              <10> on input line 291.
LaTeX Font Info:    External font `lmex10' loaded for size
(Font)              <7> on input line 291.
LaTeX Font Info:    External font `lmex10' loaded for size
(Font)              <5> on input line 291.
[12

]

Package hyperref Warning: Ignoring empty anchor on input line 319.

[13

]

Package hyperref Warning: Ignoring empty anchor on input line 347.

[14

]

Package hyperref Warning: Ignoring empty anchor on input line 375.

[15

]

Package hyperref Warning: Ignoring empty anchor on input line 403.

[16

] [17

]
\tf@nav=\write5
\openout5 = `Presentation.nav'.

\tf@toc=\write6
\openout6 = `Presentation.toc'.

\tf@snm=\write7
\openout7 = `Presentation.snm'.

Package atveryend Info: Empty hook `BeforeClearDocument' on input line 410.
Package atveryend Info: Empty hook `AfterLastShipout' on input line 410.
(Presentation.aux)
Package atveryend Info: Executing hook `AtVeryEndDocument' on input line 410.
Package atveryend Info: Empty hook `AtEndAfterFileList' on input line 410.

LaTeX Warning: There were multiply-defined labels.

 ) 
Here is how much of TeX's memory you used:
 23192 strings out of 492976
 424402 string characters out of 3127638
 504239 words of memory out of 3000000
 26497 multiletter control sequences out of 15000+200000
 49957 words of font info for 67 fonts, out of 3000000 for 9000
 1141 hyphenation exceptions out of 8191
 56i,11n,55p,802b,437s stack positions out of 5000i,500n,10000p,200000b,50000s
{C:/Users/Oli/AppData/Local/Programs/MiKTeX 2.9/fonts/enc/dvips/lm/lm-mathit.
enc}{C:/Users/Oli/AppData/Local/Programs/MiKTeX 2.9/fonts/enc/dvips/lm/lm-maths
y.enc}{C:/Users/Oli/AppData/Local/Programs/MiKTeX 2.9/fonts/enc/dvips/lm/lm-ec.
enc}<C:/Users/Oli/AppData/Local/Programs/MiKTeX 2.9/fonts/type1/public/lm/lmmi8
.pfb><C:/Users/Oli/AppData/Local/Programs/MiKTeX 2.9/fonts/type1/public/lm/lmss
10.pfb><C:/Users/Oli/AppData/Local/Programs/MiKTeX 2.9/fonts/type1/public/lm/lm
ss12.pfb><C:/Users/Oli/AppData/Local/Programs/MiKTeX 2.9/fonts/type1/public/lm/
lmss8.pfb><C:/Users/Oli/AppData/Local/Programs/MiKTeX 2.9/fonts/type1/public/lm
/lmsso10.pfb><C:/Users/Oli/AppData/Local/Programs/MiKTeX 2.9/fonts/type1/public
/lm/lmsy6.pfb><C:/Users/Oli/AppData/Local/Programs/MiKTeX 2.9/fonts/type1/publi
c/lm/lmsy8.pfb><C:/Users/Oli/AppData/Local/Programs/MiKTeX 2.9/fonts/type1/publ
ic/amsfonts/symbols/msam10.pfb>
Output written on Presentation.pdf (17 pages, 601024 bytes).
PDF statistics:
 184 PDF objects out of 1000 (max. 8388607)
 51 named destinations out of 1000 (max. 500000)
 10328 words of extra memory for PDF output out of 12000 (max. 10000000)

